2018-08-23 12:04:26,552	INFO	start_balance: {'status': 0, 'data': {'LTC': {'free': 5.3, 'used': 0.0, 'total': 5.3}, 'USDT': {'free': 299.187000669, 'used': 0.0, 'total': 299.187000669}}} {'status': 0, 'data': {'LTC': {'free': 10.8, 'used': 0.0, 'total': 10.8}, 'USDT': {'free': 592.72216599, 'used': 0.0, 'total': 592.72216599}}}
2018-08-23 12:05:33,198	INFO	start_balance: {'status': 0, 'data': {'LTC': {'free': 5.3, 'used': 0.0, 'total': 5.3}, 'USDT': {'free': 299.187000669, 'used': 0.0, 'total': 299.187000669}}} {'status': 0, 'data': {'LTC': {'free': 10.8, 'used': 0.0, 'total': 10.8}, 'USDT': {'free': 592.72216599, 'used': 0.0, 'total': 592.72216599}}}
2018-08-23 12:07:29,291	ERROR	ErrorCode 10204 e
2018-08-23 13:09:03,989	ERROR	ErrorCode 10204 e
2018-08-23 15:12:28,206	INFO	start_balance: {'status': 0, 'data': {'LTC': {'free': 5.3, 'used': 0.0, 'total': 5.3}, 'USDT': {'free': 299.187000669, 'used': 0.0, 'total': 299.187000669}}} {'status': 0, 'data': {'LTC': {'free': 10.8, 'used': 0.0, 'total': 10.8}, 'USDT': {'free': 592.72216599, 'used': 0.0, 'total': 592.72216599}}}
2018-08-23 15:47:00,602	INFO	start_balance: {'status': 0, 'data': {'LTC': {'free': 5.3, 'used': 0.0, 'total': 5.3}, 'USDT': {'free': 299.187000669, 'used': 0.0, 'total': 299.187000669}}} {'status': 0, 'data': {'LTC': {'free': 10.8, 'used': 0.0, 'total': 10.8}, 'USDT': {'free': 592.72216599, 'used': 0.0, 'total': 592.72216599}}}
2018-08-23 17:17:55,313	INFO	check_balace
2018-08-23 17:17:55,754	INFO	make_order
2018-08-23 17:17:56,166	INFO	make_limit_order: {'info': {'success': True, 'message': '', 'result': {'uuid': '83441f5c-e4b9-4122-ac78-81e61e6bce31'}}, 'id': '83441f5c-e4b9-4122-ac78-81e61e6bce31', 'symbol': 'LTC/USDT', 'type': 'limit', 'side': 'sell', 'status': 'open'} {'status': 0, 'data': {'order_id': '664609713', 'symbol': 'LTC/USDT', 'side': 'buy', 'price': 55.3231, 'amount': 0.8, 'timestamp': 1535015876163}}
2018-08-23 18:49:47,880	ERROR	ErrorCode 10204 e
2018-08-23 18:49:47,880	ERROR	ErrorCode 10204 e
2018-08-23 18:49:49,926	ERROR	ErrorCode 10204 e
2018-08-23 18:49:49,926	ERROR	ErrorCode 10204 e
2018-08-24 09:41:35,739	ERROR	ErrorCode 10202 name 'BTC_VALUE' is not defined
2018-08-24 14:36:36,300	ERROR	ErrorCode 10204 e
2018-08-24 15:25:37,130	ERROR	ErrorCode 10204 e
2018-08-24 15:25:37,132	ERROR	ErrorCode 10204 e
2018-08-24 15:25:37,134	ERROR	ErrorCode 10204 e
2018-08-24 15:25:37,136	ERROR	ErrorCode 10204 e
2018-08-24 15:25:37,137	ERROR	ErrorCode 10204 e
2018-08-24 15:25:37,139	ERROR	ErrorCode 10204 e
2018-08-24 15:25:37,142	ERROR	ErrorCode 10204 e
2018-08-24 15:25:37,143	ERROR	ErrorCode 10204 e
2018-08-24 15:25:37,145	ERROR	ErrorCode 10204 e
2018-08-24 15:25:37,147	ERROR	ErrorCode 10204 e
2018-08-24 15:26:27,161	ERROR	ErrorCode 10204 e
2018-08-24 15:26:27,162	ERROR	ErrorCode 10204 e
2018-08-24 15:26:27,163	ERROR	ErrorCode 10204 e
2018-08-24 15:26:27,164	ERROR	ErrorCode 10204 e
2018-08-24 15:26:27,165	ERROR	ErrorCode 10204 e
2018-08-24 15:26:27,166	ERROR	ErrorCode 10204 e
2018-08-24 15:26:27,167	ERROR	ErrorCode 10204 e
2018-08-24 15:26:27,168	ERROR	ErrorCode 10204 e
2018-08-24 15:26:27,169	ERROR	ErrorCode 10204 e
2018-08-24 15:26:27,170	ERROR	ErrorCode 10204 e
2018-08-24 15:26:45,386	ERROR	ErrorCode 10204 e
2018-08-24 15:26:45,388	ERROR	ErrorCode 10204 e
2018-08-24 15:26:45,391	ERROR	ErrorCode 10204 e
2018-08-24 15:26:45,395	ERROR	ErrorCode 10204 e
2018-08-24 15:26:45,396	ERROR	ErrorCode 10204 e
2018-08-24 15:26:45,398	ERROR	ErrorCode 10204 e
2018-08-24 15:26:45,400	ERROR	ErrorCode 10204 e
2018-08-24 15:26:45,401	ERROR	ErrorCode 10204 e
2018-08-24 15:26:45,402	ERROR	ErrorCode 10204 e
2018-08-24 15:26:45,405	ERROR	ErrorCode 10204 e
2018-08-24 17:56:28,939	INFO	(-0.0001428629739989683, -0.0005102040816325515, 'EOS/USDT', 1535104588939)
2018-08-24 17:56:28,940	INFO	(0.001407129455909997, -0.0032894736842103726, 'ONT/USDT', 1535104588940)
2018-08-24 17:56:28,940	INFO	(-0.006660115733158635, -0.0037199124726477787, 'ADA/USDT', 1535104588940)
2018-08-24 17:56:28,940	INFO	(-0.00016802016241946406, -0.005004779845920193, 'EOS/ETH', 1535104588940)
2018-08-24 17:56:28,940	INFO	(-0.005102829751043713, -0.0018254950495050586, 'XRP/USDT', 1535104588940)
2018-08-24 17:56:29,833	INFO	(-0.0001428629739989683, -0.0005102040816325515, 'EOS/USDT', 1535104589833)
2018-08-24 17:56:29,833	INFO	(0.001407129455909997, -0.0032894736842103726, 'ONT/USDT', 1535104589833)
2018-08-24 17:56:29,833	INFO	(-0.006660115733158635, -0.0037199124726477787, 'ADA/USDT', 1535104589833)
2018-08-24 17:56:29,834	INFO	(-0.0017951307079545219, -0.005004779845920193, 'EOS/ETH', 1535104589834)
2018-08-24 17:56:29,834	INFO	(-0.005102829751043713, -0.0018564356435643238, 'XRP/USDT', 1535104589834)
2018-08-24 17:56:30,675	INFO	(-0.0001428629739989683, -0.0005102040816325515, 'EOS/USDT', 1535104590675)
2018-08-24 17:56:30,676	INFO	(0.001407129455909997, -0.002819548872180349, 'ONT/USDT', 1535104590675)
2018-08-24 17:56:30,676	INFO	(-0.006660115733158635, -0.0037199124726477787, 'ADA/USDT', 1535104590676)
2018-08-24 17:56:30,677	INFO	(-0.001682746241866658, -0.005004779845920193, 'EOS/ETH', 1535104590677)
2018-08-24 17:56:30,677	INFO	(-0.005102829751043713, -0.0018564356435643238, 'XRP/USDT', 1535104590677)
2018-08-24 17:56:31,532	INFO	(-0.0001428629739989683, -0.0005102040816325515, 'EOS/USDT', 1535104591532)
2018-08-24 17:56:31,532	INFO	(0.001407129455909997, -0.002819548872180349, 'ONT/USDT', 1535104591532)
2018-08-24 17:56:31,532	INFO	(-0.006660115733158635, -0.0037199124726477787, 'ADA/USDT', 1535104591532)
2018-08-24 17:56:31,533	INFO	(-0.001682746241866658, -0.004948546364505498, 'EOS/ETH', 1535104591533)
2018-08-24 17:56:31,533	INFO	(-0.005102829751043713, -0.0018254950495050586, 'XRP/USDT', 1535104591533)
2018-08-24 17:56:32,383	INFO	(-0.00016327530256952708, -0.0005102040816325515, 'EOS/USDT', 1535104592383)
2018-08-24 17:56:32,383	INFO	(0.0018752930145335225, -0.002819548872180349, 'ONT/USDT', 1535104592383)
2018-08-24 17:56:32,383	INFO	(-0.006660115733158635, -0.0037199124726477787, 'ADA/USDT', 1535104592383)
2018-08-24 17:56:32,383	INFO	(-0.001682746241866658, -0.004948546364505498, 'EOS/ETH', 1535104592383)
2018-08-24 17:56:32,384	INFO	(-0.005102829751043713, -0.0018254950495050586, 'XRP/USDT', 1535104592383)
2018-08-24 17:56:33,215	INFO	(-0.00016327530256952708, -0.0005102040816325515, 'EOS/USDT', 1535104593215)
2018-08-24 17:56:33,215	INFO	(0.0018752930145335225, -0.002819548872180349, 'ONT/USDT', 1535104593215)
2018-08-24 17:56:33,216	INFO	(-0.00655021834061139, -0.0037199124726477787, 'ADA/USDT', 1535104593216)
2018-08-24 17:56:33,216	INFO	(-0.001682746241866658, -0.004948546364505498, 'EOS/ETH', 1535104593216)
2018-08-24 17:56:33,216	INFO	(-0.005102829751043713, -0.0018254950495050586, 'XRP/USDT', 1535104593216)
2018-08-24 17:56:34,106	INFO	(-0.00016327530256952708, -0.0005102040816325515, 'EOS/USDT', 1535104594106)
2018-08-24 17:56:34,106	INFO	(0.0018752930145335225, -0.002819548872180349, 'ONT/USDT', 1535104594106)
2018-08-24 17:56:34,106	INFO	(-0.00655021834061139, -0.0037199124726477787, 'ADA/USDT', 1535104594106)
2018-08-24 17:56:34,106	INFO	(-0.001682746241866658, -0.004948546364505498, 'EOS/ETH', 1535104594106)
2018-08-24 17:56:34,107	INFO	(-0.005102829751043713, -0.0018254950495050586, 'XRP/USDT', 1535104594107)
2018-08-24 17:56:34,970	INFO	(-6.122823846361797e-05, -0.0009800518610775407, 'EOS/USDT', 1535104594970)
2018-08-24 17:56:34,970	INFO	(0.0018752930145335225, -0.002819548872180349, 'ONT/USDT', 1535104594970)
2018-08-24 17:56:34,971	INFO	(-0.006440344940508757, -0.0037199124726477787, 'ADA/USDT', 1535104594971)
2018-08-24 17:56:34,971	INFO	(-0.001682746241866658, -0.004948546364505498, 'EOS/ETH', 1535104594971)
2018-08-24 17:56:34,971	INFO	(-0.005102829751043713, -0.0018254950495050586, 'XRP/USDT', 1535104594971)
2018-08-24 17:56:35,875	INFO	(-6.122823846361797e-05, -0.0009800518610775407, 'EOS/USDT', 1535104595875)
2018-08-24 17:56:35,876	INFO	(0.0018752930145335225, -0.0032894736842103726, 'ONT/USDT', 1535104595876)
2018-08-24 17:56:35,876	INFO	(-0.006440344940508757, -0.0037199124726477787, 'ADA/USDT', 1535104595876)
2018-08-24 17:56:35,876	INFO	(-0.0017951307079545219, -0.004948546364505498, 'EOS/ETH', 1535104595876)
2018-08-24 17:56:35,876	INFO	(-0.005102829751043713, -0.0018564356435643238, 'XRP/USDT', 1535104595876)
2018-08-24 17:56:36,723	INFO	(-6.122823846361797e-05, -0.0009800518610775407, 'EOS/USDT', 1535104596723)
2018-08-24 17:56:36,723	INFO	(0.0023430178069352827, -0.0032894736842103726, 'ONT/USDT', 1535104596723)
2018-08-24 17:56:36,724	INFO	(-0.006440344940508757, -0.0037199124726477787, 'ADA/USDT', 1535104596724)
2018-08-24 17:56:36,724	INFO	(-0.0017951307079545219, -0.005004779845920193, 'EOS/ETH', 1535104596724)
2018-08-24 17:56:36,724	INFO	(-0.005102829751043713, -0.0018564356435643238, 'XRP/USDT', 1535104596724)
2018-08-24 17:56:37,567	INFO	(-4.0817992571211494e-05, -0.0009800518610775407, 'EOS/USDT', 1535104597567)
2018-08-24 17:56:37,567	INFO	(0.0023430178069352827, -0.0032894736842103726, 'ONT/USDT', 1535104597567)
2018-08-24 17:56:37,567	INFO	(-0.006440344940508757, -0.0037199124726477787, 'ADA/USDT', 1535104597567)
2018-08-24 17:56:37,567	INFO	(-0.0017951307079545219, -0.005004779845920193, 'EOS/ETH', 1535104597567)
2018-08-24 17:56:37,567	INFO	(-0.005102829751043713, -0.0018564356435643238, 'XRP/USDT', 1535104597567)
2018-08-24 17:56:38,414	INFO	(-2.040857976706772e-05, -0.001653837515568486, 'EOS/USDT', 1535104598414)
2018-08-24 17:56:38,414	INFO	(0.002810304449648611, -0.004699248120300652, 'ONT/USDT', 1535104598414)
2018-08-24 17:56:38,414	INFO	(-0.006330495524994664, -0.0037199124726477787, 'ADA/USDT', 1535104598414)
2018-08-24 17:56:38,414	INFO	(-0.0017951307079545219, -0.005004779845920193, 'EOS/ETH', 1535104598414)
2018-08-24 17:56:38,415	INFO	(-0.005102829751043713, -0.0024752475247525464, 'XRP/USDT', 1535104598415)
2018-08-24 17:56:39,256	INFO	(0.0004895561357701811, -0.001653837515568486, 'EOS/USDT', 1535104599256)
2018-08-24 17:56:39,256	INFO	(-0.0023419203747074182, -0.004699248120300652, 'ONT/USDT', 1535104599256)
2018-08-24 17:56:39,256	INFO	(-0.006220670086216316, -0.0037199124726477787, 'ADA/USDT', 1535104599256)
2018-08-24 17:56:39,256	INFO	(-0.0017389353228249162, -0.005004779845920193, 'EOS/ETH', 1535104599256)
2018-08-24 17:56:39,257	INFO	(-0.00494743351886206, -0.0024752475247525464, 'XRP/USDT', 1535104599257)
2018-08-24 17:56:40,104	INFO	(0.0004895561357701811, -0.001653837515568486, 'EOS/USDT', 1535104600104)
2018-08-24 17:56:40,104	INFO	(-0.0023419203747074182, -0.004699248120300652, 'ONT/USDT', 1535104600104)
2018-08-24 17:56:40,104	INFO	(-0.006220670086216316, -0.0037199124726477787, 'ADA/USDT', 1535104600104)
2018-08-24 17:56:40,104	INFO	(-0.001682746241866658, -0.005004779845920193, 'EOS/ETH', 1535104600104)
2018-08-24 17:56:40,104	INFO	(-0.004854218841789617, -0.0024752475247525464, 'XRP/USDT', 1535104600104)
2018-08-24 17:56:40,952	INFO	(0.0004895561357701811, -0.001653837515568486, 'EOS/USDT', 1535104600952)
2018-08-24 17:56:40,953	INFO	(-0.0023419203747074182, -0.004699248120300652, 'ONT/USDT', 1535104600953)
2018-08-24 17:56:40,953	INFO	(-0.006220670086216316, -0.0037199124726477787, 'ADA/USDT', 1535104600953)
2018-08-24 17:56:40,953	INFO	(-0.001682746241866658, -0.005004779845920193, 'EOS/ETH', 1535104600953)
2018-08-24 17:56:40,953	INFO	(-0.004854218841789617, -0.0024752475247525464, 'XRP/USDT', 1535104600953)
2018-08-24 17:56:42,787	INFO	(0.0005099439061702198, -0.001653837515568486, 'EOS/USDT', 1535104602787)
2018-08-24 17:56:42,787	INFO	(-0.004223369310183173, -0.004699248120300652, 'ONT/USDT', 1535104602787)
2018-08-24 17:56:42,789	INFO	(-0.006220670086216316, -0.0037199124726477787, 'ADA/USDT', 1535104602789)
2018-08-24 17:56:42,790	INFO	(-0.001682746241866658, -0.005004779845920193, 'EOS/ETH', 1535104602790)
2018-08-24 17:56:42,791	INFO	(-0.004854218841789617, -0.0024752475247525464, 'XRP/USDT', 1535104602791)
2018-08-24 17:56:43,805	INFO	(0.0006730161319926202, -0.0016333864183919326, 'EOS/USDT', 1535104603805)
2018-08-24 17:56:43,805	INFO	(-0.0032817627754337165, -0.004699248120300652, 'ONT/USDT', 1535104603805)
2018-08-24 17:56:43,806	INFO	(-0.006220670086216316, -0.0037199124726477787, 'ADA/USDT', 1535104603806)
2018-08-24 17:56:43,807	INFO	(-0.0016265634640191696, -0.005004779845920193, 'EOS/ETH', 1535104603807)
2018-08-24 17:56:43,808	INFO	(-0.004823151125401947, -0.0024752475247525464, 'XRP/USDT', 1535104603807)
2018-08-24 17:56:44,642	INFO	(0.0005710439907816555, -0.0011836734693877152, 'EOS/USDT', 1535104604642)
2018-08-24 17:56:44,643	INFO	(-0.002811621368322506, -0.004699248120300652, 'ONT/USDT', 1535104604643)
2018-08-24 17:56:44,643	INFO	(-0.006220670086216316, -0.0037199124726477787, 'ADA/USDT', 1535104604643)
2018-08-24 17:56:44,643	INFO	(-0.0015142168134147972, -0.005004779845920193, 'EOS/ETH', 1535104604643)
2018-08-24 17:56:44,643	INFO	(-0.004761021455512229, -0.0024752475247525464, 'XRP/USDT', 1535104604643)
2018-08-24 17:56:45,498	INFO	(0.0005710439907816555, -0.0011836734693877152, 'EOS/USDT', 1535104605498)
2018-08-24 17:56:45,498	INFO	(-0.002811621368322506, -0.004699248120300652, 'ONT/USDT', 1535104605498)
2018-08-24 17:56:45,498	INFO	(-0.00655021834061139, -0.0037199124726477787, 'ADA/USDT', 1535104605498)
2018-08-24 17:56:45,498	INFO	(-0.0015142168134147972, -0.005004779845920193, 'EOS/ETH', 1535104605498)
2018-08-24 17:56:45,499	INFO	(-0.004761021455512229, -0.0024752475247525464, 'XRP/USDT', 1535104605499)
2018-08-24 17:56:46,336	INFO	(0.0004690718495706909, -0.0011836734693877152, 'EOS/USDT', 1535104606336)
2018-08-24 17:56:46,337	INFO	(-0.002811621368322506, -0.004699248120300652, 'ONT/USDT', 1535104606337)
2018-08-24 17:56:46,338	INFO	(-0.00655021834061139, -0.0037199124726477787, 'ADA/USDT', 1535104606338)
2018-08-24 17:56:46,338	INFO	(-0.0015142168134147972, -0.005004779845920193, 'EOS/ETH', 1535104606338)
2018-08-24 17:56:46,339	INFO	(-0.0047299595016540375, -0.002444306930693109, 'XRP/USDT', 1535104606339)
2018-08-24 17:56:47,179	INFO	(0.0004894562956317298, -0.0010408163265305428, 'EOS/USDT', 1535104607179)
2018-08-24 17:56:47,179	INFO	(-0.002811621368322506, -0.004699248120300652, 'ONT/USDT', 1535104607179)
2018-08-24 17:56:47,180	INFO	(-0.00655021834061139, -0.003172866520787731, 'ADA/USDT', 1535104607180)
2018-08-24 17:56:47,180	INFO	(-0.0014580529385373625, -0.005004779845920193, 'EOS/ETH', 1535104607180)
2018-08-24 17:56:47,180	INFO	(-0.004265578635014985, -0.002444306930693109, 'XRP/USDT', 1535104607180)
2018-08-24 17:56:48,038	INFO	(0.0004894562956317298, -0.0010408163265305428, 'EOS/USDT', 1535104608038)
2018-08-24 17:56:48,039	INFO	(-0.002811621368322506, -0.004699248120300652, 'ONT/USDT', 1535104608038)
2018-08-24 17:56:48,039	INFO	(-0.00655021834061139, -0.003172866520787731, 'ADA/USDT', 1535104608039)
2018-08-24 17:56:48,039	INFO	(-0.0014018953625299863, -0.005004779845920193, 'EOS/ETH', 1535104608039)
2018-08-24 17:56:48,039	INFO	(-0.004265578635014985, -0.002444306930693109, 'XRP/USDT', 1535104608039)
2018-08-24 17:56:48,882	INFO	(0.0004894562956317298, -0.0010408163265305428, 'EOS/USDT', 1535104608882)
2018-08-24 17:56:48,883	INFO	(-0.0023419203747074182, -0.004699248120300652, 'ONT/USDT', 1535104608883)
2018-08-24 17:56:48,883	INFO	(-0.00655021834061139, -0.003172866520787731, 'ADA/USDT', 1535104608883)
2018-08-24 17:56:48,883	INFO	(-0.0014018953625299863, -0.005004779845920193, 'EOS/ETH', 1535104608883)
2018-08-24 17:56:48,884	INFO	(-0.003956478733926815, -0.002444306930693109, 'XRP/USDT', 1535104608884)
EOS/USDT -0.0018940165370047108 -4.071495460273073e-05 1535105660788
ONT/USDT -0.0018648018648018665 -0.0023342670401493436 1535105660789
ADA/USDT -0.00043449923962631296 -0.004139433551198164 1535105660789
EOS/ETH 0.00011198208286685331 -0.005228537696070126 1535105660790
XRP/USDT -0.002376323179952452 -0.003836633663366395 1535105660790
EOS/USDT -0.0018736126102274553 -4.071495460273073e-05 1535105661867
ONT/USDT -0.0023320895522387563 -0.0023342670401493436 1535105661868
ADA/USDT -0.00043449923962631296 -0.004139433551198164 1535105661868
EOS/ETH 0.00011198208286685331 -0.005228537696070126 1535105661869
XRP/USDT -0.002376323179952452 -0.003836633663366395 1535105661869
EOS/USDT -0.0018532095144998591 -4.071495460273073e-05 1535105662930
ONT/USDT -0.0018648018648018665 -0.0023342670401493436 1535105662930
ADA/USDT -0.00043449923962631296 -0.004139433551198164 1535105662931
EOS/ETH 0.00011198208286685331 -0.005228537696070126 1535105662931
XRP/USDT -0.002376323179952452 -0.003836633663366395 1535105662932
EOS/USDT -0.0018532095144998591 -4.071495460273073e-05 1535105663946
ONT/USDT -0.0027998133457770545 -0.0023342670401493436 1535105663946
ADA/USDT -0.00043449923962631296 -0.004139433551198164 1535105663946
EOS/ETH 0.00011198208286685331 -0.005228537696070126 1535105663946
XRP/USDT -0.002407258811184504 -0.003836633663366395 1535105663947
EOS/USDT -0.0018328072497709685 -4.071495460273073e-05 1535105665105
ONT/USDT -0.0023320895522387563 -0.0023342670401493436 1535105665105
ADA/USDT -0.00043449923962631296 -0.004139433551198164 1535105665105
EOS/ETH 0.00011198208286685331 -0.005228537696070126 1535105665105
XRP/USDT -0.002407258811184504 -0.003836633663366395 1535105665105
EOS/USDT -0.0018124058159900164 -4.071495460273073e-05 1535105666189
ONT/USDT -0.0023320895522387563 -0.0023342670401493436 1535105666189
ADA/USDT -0.00043449923962631296 -0.004466230936819103 1535105666190
EOS/ETH 0.00011198208286685331 -0.005622083544161432 1535105666190
XRP/USDT -0.002376323179952452 -0.003836633663366395 1535105666191
EOS/USDT -0.0018124058159900164 -4.071495460273073e-05 1535105667046
ONT/USDT -0.0023320895522387563 -0.0023342670401493436 1535105667047
ADA/USDT -0.00043449923962631296 -0.004466230936819103 1535105667047
EOS/ETH 0.00011198208286685331 -0.005622083544161432 1535105667047
XRP/USDT -0.002376323179952452 -0.003836633663366395 1535105667047
EOS/USDT -0.001771605441068696 -4.071495460273073e-05 1535105667911
ONT/USDT -0.0023320895522387563 -0.0023342670401493436 1535105667911
ADA/USDT -0.00043449923962631296 -0.004466230936819103 1535105667911
EOS/ETH 0.00011198208286685331 -0.005622083544161432 1535105667911
XRP/USDT -0.002376323179952452 -0.003836633663366395 1535105667912
ADA/USDT -0.004007364886819118 -0.0030368763557484 1535108365282
XRP/USDT -0.0030535763856759227 -0.002037037037037018 1535108365282
ONT/USDT 0.0027881040892194365 -0.005597014925373139 1535108366122
XRP/USDT -0.0030535763856759227 -0.002037037037037018 1535108366122
EOS/USDT -0.0014007876893093317 -0.002134059591073434 1535108366959
XRP/USDT -0.0030535763856759227 -0.002037037037037018 1535108366960
ONT/USDT 0.002324500232449974 -0.005130597014925222 1535108367833
ADA/USDT -0.0028156811782542378 -0.0030368763557484 1535108367833
EOS/ETH -0.0021835283578747464 -0.0024080192641539955 1535108367833
XRP/USDT -0.0030535763856759227 -0.002037037037037018 1535108367833
ADA/USDT -0.0028156811782542378 -0.0030368763557484 1535108368675
EOS/ETH -0.0021835283578747464 -0.0024080192641539955 1535108368676
XRP/USDT -0.0030535763856759227 -0.002037037037037018 1535108368677
ADA/USDT -0.0028156811782542378 -0.0030368763557484 1535108370531
XRP/USDT -0.0030535763856759227 -0.002037037037037018 1535108370531
EOS/ETH -0.0021274213413951318 -0.0024080192641539955 1535108371412
ONT/USDT 0.00325127728750586 -0.005597014925373139 1535108372251
ADA/USDT -0.0029242932957869202 -0.0030368763557484 1535108372252
EOS/ETH -0.0021274213413951318 -0.0024080192641539955 1535108372252
ONT/USDT 0.00325127728750586 -0.005597014925373139 1535108373116
ADA/USDT -0.0029242932957869202 -0.0030368763557484 1535108373116
EOS/ETH -0.0021274213413951318 -0.0024080192641539955 1535108373117
ADA/USDT -0.0029242932957869202 -0.0030368763557484 1535108373961
EOS/ETH -0.0021274213413951318 -0.0024080192641539955 1535108373962
XRP/USDT -0.0029917034204113464 0.00043103448275853904 1535108373962
ADA/USDT -0.0029242932957869202 -0.0030368763557484 1535108374825
ONT/USDT 0.0027881040892194365 -0.005597014925373139 1535108375660
EOS/ETH -0.0021274213413951318 -0.0025203024362923498 1535108375660
ONT/USDT 0.0027881040892194365 -0.005597014925373139 1535108376506
XRP/USDT -0.002960769800148089 0.00046182266009847135 1535108376506
EOS/USDT -0.001032158831029639 -0.00064724919093844 1535110662179
ADA/USDT -0.0023814678501840004 0.0001081081081080662 1535110662179
EOS/ETH -0.002238012644771352 -0.0037520300162399963 1535110662179
EOS/USDT -0.001032158831029639 -0.00064724919093844 1535110663026
ONT/USDT -0.0023288309268748664 -0.004203643157403034 1535110663027
EOS/ETH -0.002238012644771352 -0.0037520300162399963 1535110663027
XRP/USDT -0.0013515173854281729 0.0007364222154035531 1535110663027
EOS/USDT -0.001032158831029639 -0.00064724919093844 1535110663866
ONT/USDT -0.0023288309268748664 -0.004203643157403034 1535110663866
ADA/USDT -0.0023814678501840004 0.0 1535110663866
XRP/USDT -0.0013515173854281729 0.0007364222154035531 1535110663866
EOS/USDT -0.001032158831029639 -0.00064724919093844 1535110664737
ADA/USDT -0.0023814678501840004 0.0 1535110664737
EOS/ETH -0.0021819402484053577 -0.0037520300162399963 1535110664737
XRP/USDT -0.0013515173854281729 0.0007364222154035531 1535110664737
EOS/USDT -0.001032158831029639 -0.00064724919093844 1535110665616
ONT/USDT -0.0023288309268748664 -0.00373657169546941 1535110665617
ADA/USDT -0.0023814678501840004 0.0 1535110665617
EOS/ETH -0.0021819402484053577 -0.0037520300162399963 1535110665617
EOS/USDT -0.001032158831029639 -0.00064724919093844 1535110666473
ONT/USDT -0.0023288309268748664 -0.00373657169546941 1535110666474
ADA/USDT -0.0023814678501840004 0.0 1535110666474
XRP/USDT -0.0013822761480571522 0.0007364222154035531 1535110666475
EOS/USDT -0.001032158831029639 -0.00064724919093844 1535110667343
ONT/USDT -0.0023288309268748664 -0.00373657169546941 1535110667344
ADA/USDT -0.0023814678501840004 0.0 1535110667344
ONT/USDT -0.0023288309268748664 -0.00373657169546941 1535110668193
ADA/USDT -0.0023814678501840004 0.0 1535110668194
EOS/ETH -0.002406267487408948 -0.0037520300162399963 1535110668194
XRP/USDT -0.0013515173854281729 0.0007364222154035531 1535110668194
ONT/USDT -0.0023288309268748664 -0.00373657169546941 1535110669050
ADA/USDT -0.0023814678501840004 0.0 1535110669051
EOS/ETH -0.002406267487408948 -0.0037520300162399963 1535110669051
XRP/USDT -0.0013515173854281729 0.0007364222154035531 1535110669051
EOS/USDT -0.0006071522535468041 -0.0006067961165048774 1535110669904
ONT/USDT -0.0023288309268748664 -0.00373657169546941 1535110669905
ADA/USDT -0.0023814678501840004 0.0 1535110669905
XRP/USDT -0.0013515173854281729 0.0007364222154035531 1535110669906
EOS/USDT -0.0006071522535468041 -0.0006067961165048774 1535110670773
ONT/USDT -0.0023288309268748664 -0.00373657169546941 1535110670773
ADA/USDT -0.0023814678501840004 0.0 1535110670773
XRP/USDT -0.0013515173854281729 0.0007364222154035531 1535110670774
EOS/USDT -0.0006071522535468041 -0.0006067961165048774 1535110671669
ONT/USDT -0.0023288309268748664 -0.00373657169546941 1535110671670
ADA/USDT -0.0023814678501840004 0.0 1535110671670
EOS/ETH -0.002238012644771352 -0.003864030912247276 1535110671670
EOS/USDT -0.0006071522535468041 -0.0006067961165048774 1535110672540
ONT/USDT -0.0023288309268748664 -0.00373657169546941 1535110672540
ADA/USDT -0.0023814678501840004 0.0 1535110672540
XRP/USDT -0.0013822761480571522 0.0007364222154035531 1535110672540
ADA/USDT -0.0023814678501840004 0.0 1535110673371
XRP/USDT -0.0013822761480571522 0.0007364222154035531 1535110673371
EOS/USDT -0.0005869019671333802 -0.0006067961165048774 1535110674240
ONT/USDT -0.0023288309268748664 -0.004203643157403034 1535110674240
EOS/USDT -0.0005869019671333802 -0.0006067961165048774 1535110675121
ONT/USDT -0.0023288309268748664 -0.004203643157403034 1535110675122
ADA/USDT -0.0023814678501840004 0.0001081081081080662 1535110675122
XRP/USDT -0.0013515173854281729 0.0007364222154035531 1535110675122
EOS/USDT -0.0005869019671333802 -0.0006067961165048774 1535110675952
ONT/USDT -0.0023288309268748664 -0.004203643157403034 1535110675952
ADA/USDT -0.0023814678501840004 0.0001081081081080662 1535110675952
EOS/ETH -0.002125874125874117 -0.003864030912247276 1535110675952
XRP/USDT -0.0013515173854281729 0.0007364222154035531 1535110675952
ONT/USDT -0.001863064741499769 -0.0032695002335357856 1535110757046
ADA/USDT -0.004007364886819118 0.0017297297297296592 1535110757046
XRP/USDT -0.0011977519117963252 -0.0002454740718010708 1535110757046
